<?xml version="1.0" encoding="UTF-8"?>
<testng-results skipped="0" failed="0" ignored="0" total="1" passed="1">
  <reporter-output>
  </reporter-output>
  <suite name="Default suite" duration-ms="8683" started-at="2021-06-02T00:05:11 EDT" finished-at="2021-06-02T00:05:20 EDT">
    <groups>
    </groups>
    <test name="Default test" duration-ms="8683" started-at="2021-06-02T00:05:11 EDT" finished-at="2021-06-02T00:05:20 EDT">
      <class name="Methods.Delete">
        <test-method status="PASS" signature="DeletingResponse()[pri:0, instance:Methods.Delete@5b87ed94]" name="DeletingResponse" duration-ms="8407" started-at="2021-06-02T00:05:12 EDT" finished-at="2021-06-02T00:05:20 EDT">
          <reporter-output>
          </reporter-output>
        </test-method> <!-- DeletingResponse -->
      </class> <!-- Methods.Delete -->
    </test> <!-- Default test -->
  </suite> <!-- Default suite -->
</testng-results>
